#_____Collin Urie_____

#jump over Strings
0x832d
0xe030


# The string "enter a number: "
0000000001100101
0000000001101110
0000000001110100
0000000001100101
0000000001110010
0000000000100000
0000000001100001
0000000000100000
0000000001101110
0000000001110101
0000000001101101
0000000001100010
0000000001100101
0000000001110010
0000000000111010
0000000000100000
0000000000000000

# The string "the smaller number is: "
0000000001110100
0000000001101000
0000000001100101
0000000000100000
0000000001110011
0000000001101101
0000000001100001
0000000001101100
0000000001101100
0000000001100101
0000000001110010
0000000000100000
0000000001101110
0000000001110101
0000000001101101
0000000001100010
0000000001100101
0000000001110010
0000000000100000
0000000001101001
0000000001110011
0000000000111010
0000000000100000
0000000000000000

# The string '\n'  (ascii code of \n is 0xA
0x000A
0x0000

#ask for user input
0x8101
0x8202
0x8313
0xf000
0x8104
0xf000
# Copy the input number into register 4 (N)
0x0410

#ask for user input
0x8101
0x8202
0x8313
0xf000
0x8104
0xf000
# Copy the input number into register 5 (N)
0x0510

#compare numbers
0x7345
0xa302

# if (Reg[4] < Reg[5]) reg[6] = reg[4]
0x0640
0xa001

#if (Reg[5] < reg[4]) reg[6] = reg[5]
0x0650

#print result
0x8101
0x8213
0x8318
0xf000
0x8102
0x0206
0xf000
0x8101
0x822b
0x8303
0xf000


#halt
0x8100
0xf000