#_____Collin Urie_____

#jump over Strings
0x8319
0xe030

# The string "enter a number: "
0000000001100101
0000000001101110
0000000001110100
0000000001100101
0000000001110010
0000000000100000
0000000001100001
0000000000100000
0000000001101110
0000000001110101
0000000001101101
0000000001100010
0000000001100101
0000000001110010
0000000000111010
0000000000100000
0000000000000000

# The string '\n'  (ascii code of \n is 0xA
0x000A
0x0000

# The string "numbercount: "
0000000001101110
0000000001110101
0000000001101101
0000000001100010
0000000001100101
0000000001110010
0000000001100011
0000000001101111
0000000001110101
0000000001101110
0000000001110100
0000000000111010
0000000000100000
0000000000000000


# The string "sum: "
0000000001110011
0000000001110101
0000000001101101
0000000000111010
0000000000100000
0000000000000000

#ask for user input
0x8101
0x8202
0x8313
0xf000
0x8104
0xf000
#Copy the input number into Reg[3]
0x0310
#have a register with 1 in it for incrementation
0x8701

#test number
0xa303

#else
#sum in Reg[6] count in Reg[5]
0x0663
0x0557
0xa0f4

#print sum
0x8101
0x8223
0x8313
0xf000

0x8102
0x0206
0xf000

0x8101
0x8213
0x8310
0xf000

#print count
0x8101
0x8215
0x8313
0xf000

0x8102
0x0205
0xf000

0x8101
0x8213
0x8310
0xf000





#halt
0x8100
0xf000