#_____Collin Urie_____

#jump over Strings
0x832d
0xe030

# The string "Ener a string: "
0000000001000101
0000000001101110
0000000001100101
0000000001110010
0000000000100000
0000000001100001
0000000000100000
0000000001110011
0000000001110100
0000000001110010
0000000001101001
0000000001101110
0000000001100111
0000000000111010
0000000000100000
0000000000000000

# The string "The reversed string is: "
0000000001010100
0000000001101000
0000000001100101
0000000000100000
0000000001110010
0000000001100101
0000000001110110
0000000001100101
0000000001110010
0000000001110011
0000000001100101
0000000001100100
0000000000100000
0000000001110011
0000000001110100
0000000001110010
0000000001101001
0000000001101110
0000000001100111
0000000000100000
0000000001101001
0000000001110011
0000000000111010
0000000000100000
0000000000000000

# The string '\n' 
0x000A
0x0000

#ask for user input
0x8101
0x8202
0x8313
0xf000


#store input in RAM 100-200
0x8103
0x8264
0x8363
0xf000

#find index of last char in String
## initilize location to start search at
0x8464
0x8601
##if value at location == 0: that is the end of the string
0xc540
0xa502
#if value at location != 0 
0x0446
0xa0fc
#if it does equal 0
0x0704
0x1776
#now Reg[7] has the index of the end of the string

#print answer beginning
0x8101
0x8212
0x8333
0xf000

#start from back of string printing chars
0x8464
0x8101
0x8301
0x1547
##if reg[5] == 0
0xa504
##else
0x0270
0xf000
0x1771
0xa0fa

0x8101
0x822b
0x8302
0xf000




#halt
0x8100
0xf000